

Started GET "/" for 127.0.0.1 at 2015-10-26 21:31:14 +0000

ActiveRecord::PendingMigrationError (

Migrations are pending. To resolve this issue, run:

	bin/rake db:migrate RAILS_ENV=development

):
  activerecord (4.2.4) lib/active_record/migration.rb:392:in `check_pending!'
  activerecord (4.2.4) lib/active_record/migration.rb:373:in `call'
  actionpack (4.2.4) lib/action_dispatch/middleware/callbacks.rb:29:in `block in call'
  activesupport (4.2.4) lib/active_support/callbacks.rb:88:in `__run_callbacks__'
  activesupport (4.2.4) lib/active_support/callbacks.rb:778:in `_run_call_callbacks'
  activesupport (4.2.4) lib/active_support/callbacks.rb:81:in `run_callbacks'
  actionpack (4.2.4) lib/action_dispatch/middleware/callbacks.rb:27:in `call'
  actionpack (4.2.4) lib/action_dispatch/middleware/reloader.rb:73:in `call'
  actionpack (4.2.4) lib/action_dispatch/middleware/remote_ip.rb:78:in `call'
  actionpack (4.2.4) lib/action_dispatch/middleware/debug_exceptions.rb:17:in `call'
  web-console (2.2.1) lib/web_console/middleware.rb:39:in `call'
  actionpack (4.2.4) lib/action_dispatch/middleware/show_exceptions.rb:30:in `call'
  railties (4.2.4) lib/rails/rack/logger.rb:38:in `call_app'
  railties (4.2.4) lib/rails/rack/logger.rb:20:in `block in call'
  activesupport (4.2.4) lib/active_support/tagged_logging.rb:68:in `block in tagged'
  activesupport (4.2.4) lib/active_support/tagged_logging.rb:26:in `tagged'
  activesupport (4.2.4) lib/active_support/tagged_logging.rb:68:in `tagged'
  railties (4.2.4) lib/rails/rack/logger.rb:20:in `call'
  actionpack (4.2.4) lib/action_dispatch/middleware/request_id.rb:21:in `call'
  rack (1.6.4) lib/rack/methodoverride.rb:22:in `call'
  rack (1.6.4) lib/rack/runtime.rb:18:in `call'
  activesupport (4.2.4) lib/active_support/cache/strategy/local_cache_middleware.rb:28:in `call'
  rack (1.6.4) lib/rack/lock.rb:17:in `call'
  actionpack (4.2.4) lib/action_dispatch/middleware/static.rb:116:in `call'
  rack (1.6.4) lib/rack/sendfile.rb:113:in `call'
  railties (4.2.4) lib/rails/engine.rb:518:in `call'
  railties (4.2.4) lib/rails/application.rb:165:in `call'
  rack (1.6.4) lib/rack/lock.rb:17:in `call'
  rack (1.6.4) lib/rack/content_length.rb:15:in `call'
  rack (1.6.4) lib/rack/handler/webrick.rb:88:in `service'
  /home/tuan/.rbenv/versions/2.0.0-p451/lib/ruby/2.0.0/webrick/httpserver.rb:138:in `service'
  /home/tuan/.rbenv/versions/2.0.0-p451/lib/ruby/2.0.0/webrick/httpserver.rb:94:in `run'
  /home/tuan/.rbenv/versions/2.0.0-p451/lib/ruby/2.0.0/webrick/server.rb:295:in `block in start_thread'


  Rendered /home/tuan/.rbenv/versions/2.0.0-p451/lib/ruby/gems/2.0.0/gems/actionpack-4.2.4/lib/action_dispatch/middleware/templates/rescues/_source.erb (3.0ms)
  Rendered /home/tuan/.rbenv/versions/2.0.0-p451/lib/ruby/gems/2.0.0/gems/actionpack-4.2.4/lib/action_dispatch/middleware/templates/rescues/_trace.html.erb (1.6ms)
  Rendered /home/tuan/.rbenv/versions/2.0.0-p451/lib/ruby/gems/2.0.0/gems/actionpack-4.2.4/lib/action_dispatch/middleware/templates/rescues/_request_and_response.html.erb (0.9ms)
  Rendered /home/tuan/.rbenv/versions/2.0.0-p451/lib/ruby/gems/2.0.0/gems/actionpack-4.2.4/lib/action_dispatch/middleware/templates/rescues/diagnostics.html.erb within rescues/layout (18.5ms)
  Rendered /home/tuan/.rbenv/versions/2.0.0-p451/lib/ruby/gems/2.0.0/gems/web-console-2.2.1/lib/web_console/templates/_markup.html.erb (1.1ms)
  Rendered /home/tuan/.rbenv/versions/2.0.0-p451/lib/ruby/gems/2.0.0/gems/web-console-2.2.1/lib/web_console/templates/_inner_console_markup.html.erb within layouts/inlined_string (0.4ms)
  Rendered /home/tuan/.rbenv/versions/2.0.0-p451/lib/ruby/gems/2.0.0/gems/web-console-2.2.1/lib/web_console/templates/_prompt_box_markup.html.erb within layouts/inlined_string (0.3ms)
  Rendered /home/tuan/.rbenv/versions/2.0.0-p451/lib/ruby/gems/2.0.0/gems/web-console-2.2.1/lib/web_console/templates/style.css.erb within layouts/inlined_string (0.4ms)
  Rendered /home/tuan/.rbenv/versions/2.0.0-p451/lib/ruby/gems/2.0.0/gems/web-console-2.2.1/lib/web_console/templates/console.js.erb within layouts/javascript (15.2ms)
  Rendered /home/tuan/.rbenv/versions/2.0.0-p451/lib/ruby/gems/2.0.0/gems/web-console-2.2.1/lib/web_console/templates/main.js.erb within layouts/javascript (0.3ms)
  Rendered /home/tuan/.rbenv/versions/2.0.0-p451/lib/ruby/gems/2.0.0/gems/web-console-2.2.1/lib/web_console/templates/error_page.js.erb within layouts/javascript (0.5ms)
  Rendered /home/tuan/.rbenv/versions/2.0.0-p451/lib/ruby/gems/2.0.0/gems/web-console-2.2.1/lib/web_console/templates/index.html.erb (45.4ms)
  [1m[36m (333.6ms)[0m  [1mCREATE TABLE "schema_migrations" ("version" varchar NOT NULL) [0m
  [1m[35m (0.3ms)[0m  select sqlite_version(*)
  [1m[36m (187.2ms)[0m  [1mCREATE UNIQUE INDEX "unique_schema_migrations" ON "schema_migrations" ("version")[0m
  [1m[35mActiveRecord::SchemaMigration Load (0.3ms)[0m  SELECT "schema_migrations".* FROM "schema_migrations"
Migrating to CreateUsers (20141118160222)
  [1m[36m (0.1ms)[0m  [1mbegin transaction[0m
  [1m[35m (0.4ms)[0m  CREATE TABLE "users" ("id" INTEGER PRIMARY KEY AUTOINCREMENT NOT NULL, "name" varchar, "email" varchar, "created_at" datetime NOT NULL, "updated_at" datetime NOT NULL) 
  [1m[36mSQL (0.4ms)[0m  [1mINSERT INTO "schema_migrations" ("version") VALUES (?)[0m  [["version", "20141118160222"]]
  [1m[35m (262.1ms)[0m  commit transaction
Migrating to AddIndexToUsersEmail (20141118161521)
  [1m[36m (0.1ms)[0m  [1mbegin transaction[0m
  [1m[35m (0.2ms)[0m  CREATE UNIQUE INDEX "index_users_on_email" ON "users" ("email")
  [1m[36mSQL (0.1ms)[0m  [1mINSERT INTO "schema_migrations" ("version") VALUES (?)[0m  [["version", "20141118161521"]]
  [1m[35m (230.0ms)[0m  commit transaction
Migrating to AddPasswordDigestToUsers (20141118161733)
  [1m[36m (0.2ms)[0m  [1mbegin transaction[0m
  [1m[35m (0.6ms)[0m  ALTER TABLE "users" ADD "password_digest" varchar
  [1m[36mSQL (0.5ms)[0m  [1mINSERT INTO "schema_migrations" ("version") VALUES (?)[0m  [["version", "20141118161733"]]
  [1m[35m (250.6ms)[0m  commit transaction
Migrating to AddRememberDigestToUsers (20141201162203)
  [1m[36m (0.2ms)[0m  [1mbegin transaction[0m
  [1m[35m (0.7ms)[0m  ALTER TABLE "users" ADD "remember_digest" varchar
  [1m[36mSQL (0.5ms)[0m  [1mINSERT INTO "schema_migrations" ("version") VALUES (?)[0m  [["version", "20141201162203"]]
  [1m[35m (210.7ms)[0m  commit transaction
Migrating to AddAdminToUsers (20141205112505)
  [1m[36m (0.2ms)[0m  [1mbegin transaction[0m
  [1m[35m (0.6ms)[0m  ALTER TABLE "users" ADD "admin" boolean DEFAULT 'f'
  [1m[36mSQL (0.5ms)[0m  [1mINSERT INTO "schema_migrations" ("version") VALUES (?)[0m  [["version", "20141205112505"]]
  [1m[35m (186.5ms)[0m  commit transaction
Migrating to AddActivationToUsers (20141209124250)
  [1m[36m (0.2ms)[0m  [1mbegin transaction[0m
  [1m[35m (0.9ms)[0m  ALTER TABLE "users" ADD "activation_digest" varchar
  [1m[36m (0.5ms)[0m  [1mALTER TABLE "users" ADD "activated" boolean DEFAULT 'f'[0m
  [1m[35m (0.5ms)[0m  ALTER TABLE "users" ADD "activated_at" datetime
  [1m[36mSQL (0.7ms)[0m  [1mINSERT INTO "schema_migrations" ("version") VALUES (?)[0m  [["version", "20141209124250"]]
  [1m[35m (208.3ms)[0m  commit transaction
Migrating to AddResetToUsers (20141214071446)
  [1m[36m (0.2ms)[0m  [1mbegin transaction[0m
  [1m[35m (0.8ms)[0m  ALTER TABLE "users" ADD "reset_digest" varchar
  [1m[36m (0.6ms)[0m  [1mALTER TABLE "users" ADD "reset_sent_at" datetime[0m
  [1m[35mSQL (0.7ms)[0m  INSERT INTO "schema_migrations" ("version") VALUES (?)  [["version", "20141214071446"]]
  [1m[36m (263.8ms)[0m  [1mcommit transaction[0m
  [1m[35mActiveRecord::SchemaMigration Load (0.3ms)[0m  SELECT "schema_migrations".* FROM "schema_migrations"
  [1m[36m (0.1ms)[0m  [1m            SELECT sql
            FROM sqlite_master
            WHERE name='index_users_on_email' AND type='index'
            UNION ALL
            SELECT sql
            FROM sqlite_temp_master
            WHERE name='index_users_on_email' AND type='index'
[0m


Started GET "/" for 127.0.0.1 at 2015-10-26 21:32:29 +0000
  [1m[36mActiveRecord::SchemaMigration Load (0.1ms)[0m  [1mSELECT "schema_migrations".* FROM "schema_migrations"[0m
Processing by StaticPagesController#home as HTML
  Rendered static_pages/home.html.erb within layouts/application (201.2ms)
  Rendered layouts/_shim.html.erb (0.4ms)
  Rendered layouts/_header.html.erb (9.2ms)
  Rendered layouts/_footer.html.erb (0.6ms)
Completed 200 OK in 6290ms (Views: 6269.5ms | ActiveRecord: 0.0ms)


Started GET "/assets/application.self.css?body=1" for 127.0.0.1 at 2015-10-26 21:32:36 +0000


Started GET "/assets/account_activations.self.css?body=1" for 127.0.0.1 at 2015-10-26 21:32:36 +0000


Started GET "/assets/custom.self.css?body=1" for 127.0.0.1 at 2015-10-26 21:32:36 +0000


Started GET "/assets/jquery.self.js?body=1" for 127.0.0.1 at 2015-10-26 21:32:36 +0000


Started GET "/assets/static_pages.self.css?body=1" for 127.0.0.1 at 2015-10-26 21:32:36 +0000


Started GET "/assets/password_resets.self.css?body=1" for 127.0.0.1 at 2015-10-26 21:32:36 +0000


Started GET "/assets/sessions.self.css?body=1" for 127.0.0.1 at 2015-10-26 21:32:36 +0000


Started GET "/assets/users.self.css?body=1" for 127.0.0.1 at 2015-10-26 21:32:36 +0000


Started GET "/assets/jquery_ujs.self.js?body=1" for 127.0.0.1 at 2015-10-26 21:32:36 +0000


Started GET "/assets/bootstrap.self.js?body=1" for 127.0.0.1 at 2015-10-26 21:32:36 +0000


Started GET "/assets/turbolinks.self.js?body=1" for 127.0.0.1 at 2015-10-26 21:32:36 +0000


Started GET "/assets/account_activations.self.js?body=1" for 127.0.0.1 at 2015-10-26 21:32:36 +0000


Started GET "/assets/password_resets.self.js?body=1" for 127.0.0.1 at 2015-10-26 21:32:36 +0000


Started GET "/assets/sessions.self.js?body=1" for 127.0.0.1 at 2015-10-26 21:32:36 +0000


Started GET "/assets/static_pages.self.js?body=1" for 127.0.0.1 at 2015-10-26 21:32:36 +0000


Started GET "/assets/users.self.js?body=1" for 127.0.0.1 at 2015-10-26 21:32:36 +0000


Started GET "/assets/application.self.js?body=1" for 127.0.0.1 at 2015-10-26 21:32:36 +0000


Started GET "/assets/rails.png" for 127.0.0.1 at 2015-10-26 21:32:36 +0000


Started GET "/signup" for 127.0.0.1 at 2015-10-26 21:32:41 +0000
Processing by UsersController#new as HTML
  Rendered shared/_error_messages.html.erb (2.2ms)
  Rendered users/new.html.erb within layouts/application (512.7ms)
  Rendered layouts/_shim.html.erb (0.4ms)
  Rendered layouts/_header.html.erb (1.0ms)
  Rendered layouts/_footer.html.erb (0.5ms)
Completed 200 OK in 588ms (Views: 564.1ms | ActiveRecord: 0.4ms)


Started POST "/users" for 127.0.0.1 at 2015-10-26 21:33:04 +0000
Processing by UsersController#create as HTML
  Parameters: {"utf8"=>"✓", "authenticity_token"=>"6UPDJQIlOOJ0HzjpShmalLauH/5OdnUl8AGe1nBNXDpCIpij1iUNWyDIQouHPqvln1C6+7q0ojkE61p9OSQ/Xw==", "user"=>{"name"=>"tuan", "email"=>"maiquoctuan1994@gmail.com", "password"=>"[FILTERED]", "password_confirmation"=>"[FILTERED]"}, "commit"=>"Create my account"}
  [1m[35m (0.1ms)[0m  begin transaction
  [1m[36mUser Exists (0.2ms)[0m  [1mSELECT  1 AS one FROM "users" WHERE LOWER("users"."email") = LOWER('maiquoctuan1994@gmail.com') LIMIT 1[0m
  [1m[35mSQL (0.4ms)[0m  INSERT INTO "users" ("name", "email", "password_digest", "created_at", "updated_at", "activation_digest") VALUES (?, ?, ?, ?, ?, ?)  [["name", "tuan"], ["email", "maiquoctuan1994@gmail.com"], ["password_digest", "$2a$10$qpk56YpAbOy/Ju6iyqUzR.nbHN7TASktSXRwpaLHOk40Dd0iRzGF2"], ["created_at", "2015-10-26 21:33:05.339348"], ["updated_at", "2015-10-26 21:33:05.339348"], ["activation_digest", "$2a$04$n5DFId.CefyTvcy2k5aJ8uGgRlrWcwbYYovZrBnH1TQkLDimryHwy"]]
  [1m[36m (227.0ms)[0m  [1mcommit transaction[0m
DEPRECATION WARNING: `#deliver` is deprecated and will be removed in Rails 5. Use `#deliver_now` to deliver immediately or `#deliver_later` to deliver through Active Job. (called from send_activation_email at /home/tuan/t1/sample_app/app/models/user.rb:65)
  Rendered user_mailer/account_activation.html.erb (4.3ms)
  Rendered user_mailer/account_activation.text.erb (1.5ms)

UserMailer#account_activation: processed outbound mail in 273.2ms

Sent mail to maiquoctuan1994@gmail.com (22.2ms)
Date: Mon, 26 Oct 2015 21:33:05 +0000
From: namnt.1410@gmail.com
To: maiquoctuan1994@gmail.com
Message-ID: <562e9c11e7bb8_12e73fe3d83f8580711ba@ubuntu.mail>
Subject: Account activation
Mime-Version: 1.0
Content-Type: multipart/alternative;
 boundary="--==_mimepart_562e9c11e1182_12e73fe3d83f858071078";
 charset=UTF-8
Content-Transfer-Encoding: 7bit


----==_mimepart_562e9c11e1182_12e73fe3d83f858071078
Content-Type: text/plain;
 charset=UTF-8
Content-Transfer-Encoding: 7bit

Hi tuan,

Welcome to the Sample App! Click on the link below to activate your account:

http://localhost:3000/account_activations/UkOePGiELInp_bpMZzY9hg/edit?email=maiquoctuan1994%40gmail.com

----==_mimepart_562e9c11e1182_12e73fe3d83f858071078
Content-Type: text/html;
 charset=UTF-8
Content-Transfer-Encoding: 7bit

<h1>Sample App</h1>

<p>Hi tuan,</p>

<p>
Welcome to the Sample App! Click on the link below to activate your account:
</p>

<a href="http://localhost:3000/account_activations/UkOePGiELInp_bpMZzY9hg/edit?email=maiquoctuan1994%40gmail.com">Activate</a>
----==_mimepart_562e9c11e1182_12e73fe3d83f858071078--

Redirected to http://localhost:3000/
Completed 302 Found in 1058ms (ActiveRecord: 227.7ms)


Started GET "/" for 127.0.0.1 at 2015-10-26 21:33:06 +0000
Processing by StaticPagesController#home as HTML
  Rendered static_pages/home.html.erb within layouts/application (3.0ms)
  Rendered layouts/_shim.html.erb (0.1ms)
  Rendered layouts/_header.html.erb (0.3ms)
  Rendered layouts/_footer.html.erb (0.1ms)
Completed 200 OK in 58ms (Views: 55.9ms | ActiveRecord: 0.0ms)


Started GET "/assets/application.self.css?body=1" for 127.0.0.1 at 2015-10-26 21:33:06 +0000


Started GET "/assets/account_activations.self.css?body=1" for 127.0.0.1 at 2015-10-26 21:33:06 +0000


Started GET "/assets/password_resets.self.css?body=1" for 127.0.0.1 at 2015-10-26 21:33:06 +0000


Started GET "/assets/sessions.self.css?body=1" for 127.0.0.1 at 2015-10-26 21:33:06 +0000


Started GET "/assets/custom.self.css?body=1" for 127.0.0.1 at 2015-10-26 21:33:06 +0000


Started GET "/assets/static_pages.self.css?body=1" for 127.0.0.1 at 2015-10-26 21:33:06 +0000


Started GET "/assets/users.self.css?body=1" for 127.0.0.1 at 2015-10-26 21:33:06 +0000


Started GET "/assets/jquery_ujs.self.js?body=1" for 127.0.0.1 at 2015-10-26 21:33:06 +0000


Started GET "/assets/jquery.self.js?body=1" for 127.0.0.1 at 2015-10-26 21:33:06 +0000


Started GET "/assets/bootstrap.self.js?body=1" for 127.0.0.1 at 2015-10-26 21:33:06 +0000


Started GET "/assets/account_activations.self.js?body=1" for 127.0.0.1 at 2015-10-26 21:33:06 +0000


Started GET "/assets/turbolinks.self.js?body=1" for 127.0.0.1 at 2015-10-26 21:33:06 +0000


Started GET "/assets/password_resets.self.js?body=1" for 127.0.0.1 at 2015-10-26 21:33:06 +0000


Started GET "/assets/sessions.self.js?body=1" for 127.0.0.1 at 2015-10-26 21:33:06 +0000


Started GET "/assets/static_pages.self.js?body=1" for 127.0.0.1 at 2015-10-26 21:33:06 +0000


Started GET "/assets/users.self.js?body=1" for 127.0.0.1 at 2015-10-26 21:33:06 +0000


Started GET "/assets/application.self.js?body=1" for 127.0.0.1 at 2015-10-26 21:33:06 +0000


Started GET "/assets/rails.png" for 127.0.0.1 at 2015-10-26 21:33:06 +0000


Started GET "/login" for 127.0.0.1 at 2015-10-26 21:33:15 +0000
Processing by SessionsController#new as HTML
  Rendered sessions/new.html.erb within layouts/application (6.9ms)
  Rendered layouts/_shim.html.erb (0.1ms)
  Rendered layouts/_header.html.erb (0.3ms)
  Rendered layouts/_footer.html.erb (0.1ms)
Completed 200 OK in 72ms (Views: 71.6ms | ActiveRecord: 0.0ms)


Started POST "/login" for 127.0.0.1 at 2015-10-26 21:33:34 +0000
Processing by SessionsController#create as HTML
  Parameters: {"utf8"=>"✓", "authenticity_token"=>"4R7+Z+SEYykw4YhqESWgyiPFptB7CJFeIvftSovY9OlKf6XhMIRWkGQ28gjcApG7CjsD1Y/KRkLWHSnhwrGXjA==", "session"=>{"email"=>"maiquoctuan1994@gmail.com", "password"=>"[FILTERED]", "remember_me"=>"0"}, "commit"=>"Log in"}
  [1m[35mUser Load (0.3ms)[0m  SELECT  "users".* FROM "users" WHERE "users"."email" = ? LIMIT 1  [["email", "maiquoctuan1994@gmail.com"]]
Redirected to http://localhost:3000/
Completed 302 Found in 287ms (ActiveRecord: 0.3ms)


Started GET "/" for 127.0.0.1 at 2015-10-26 21:33:35 +0000
Processing by StaticPagesController#home as HTML
  Rendered static_pages/home.html.erb within layouts/application (1.2ms)
  Rendered layouts/_shim.html.erb (0.1ms)
  Rendered layouts/_header.html.erb (0.4ms)
  Rendered layouts/_footer.html.erb (0.1ms)
Completed 200 OK in 117ms (Views: 116.7ms | ActiveRecord: 0.0ms)


Started GET "/assets/application.self.css?body=1" for 127.0.0.1 at 2015-10-26 21:33:35 +0000


Started GET "/assets/account_activations.self.css?body=1" for 127.0.0.1 at 2015-10-26 21:33:35 +0000


Started GET "/assets/custom.self.css?body=1" for 127.0.0.1 at 2015-10-26 21:33:35 +0000


Started GET "/assets/sessions.self.css?body=1" for 127.0.0.1 at 2015-10-26 21:33:35 +0000


Started GET "/assets/password_resets.self.css?body=1" for 127.0.0.1 at 2015-10-26 21:33:35 +0000


Started GET "/assets/users.self.css?body=1" for 127.0.0.1 at 2015-10-26 21:33:35 +0000


Started GET "/assets/static_pages.self.css?body=1" for 127.0.0.1 at 2015-10-26 21:33:35 +0000


Started GET "/assets/jquery.self.js?body=1" for 127.0.0.1 at 2015-10-26 21:33:35 +0000


Started GET "/assets/jquery_ujs.self.js?body=1" for 127.0.0.1 at 2015-10-26 21:33:35 +0000


Started GET "/assets/bootstrap.self.js?body=1" for 127.0.0.1 at 2015-10-26 21:33:35 +0000


Started GET "/assets/account_activations.self.js?body=1" for 127.0.0.1 at 2015-10-26 21:33:35 +0000


Started GET "/assets/turbolinks.self.js?body=1" for 127.0.0.1 at 2015-10-26 21:33:35 +0000


Started GET "/assets/password_resets.self.js?body=1" for 127.0.0.1 at 2015-10-26 21:33:35 +0000


Started GET "/assets/sessions.self.js?body=1" for 127.0.0.1 at 2015-10-26 21:33:35 +0000


Started GET "/assets/static_pages.self.js?body=1" for 127.0.0.1 at 2015-10-26 21:33:35 +0000


Started GET "/assets/application.self.js?body=1" for 127.0.0.1 at 2015-10-26 21:33:35 +0000


Started GET "/assets/users.self.js?body=1" for 127.0.0.1 at 2015-10-26 21:33:35 +0000


Started GET "/assets/rails.png" for 127.0.0.1 at 2015-10-26 21:33:35 +0000


Started GET "/" for 127.0.0.1 at 2015-10-26 21:34:29 +0000
Processing by StaticPagesController#home as HTML
  Rendered static_pages/home.html.erb within layouts/application (1.8ms)
  Rendered layouts/_shim.html.erb (0.1ms)
  Rendered layouts/_header.html.erb (0.3ms)
  Rendered layouts/_footer.html.erb (0.1ms)
Completed 200 OK in 60ms (Views: 59.4ms | ActiveRecord: 0.0ms)


Started GET "/help" for 127.0.0.1 at 2015-10-26 21:34:32 +0000
Processing by StaticPagesController#help as HTML
  Rendered static_pages/help.html.erb within layouts/application (0.4ms)
  Rendered layouts/_shim.html.erb (0.1ms)
  Rendered layouts/_header.html.erb (0.4ms)
  Rendered layouts/_footer.html.erb (0.1ms)
Completed 200 OK in 118ms (Views: 117.4ms | ActiveRecord: 0.0ms)


Started GET "/login" for 127.0.0.1 at 2015-10-26 21:34:36 +0000
Processing by SessionsController#new as HTML
  Rendered sessions/new.html.erb within layouts/application (1.3ms)
  Rendered layouts/_shim.html.erb (0.0ms)
  Rendered layouts/_header.html.erb (0.3ms)
  Rendered layouts/_footer.html.erb (0.1ms)
Completed 200 OK in 50ms (Views: 49.3ms | ActiveRecord: 0.0ms)
